<?xml version="1.0" encoding="UTF-8"?>
<!-- Generated by org.testng.reporters.JUnitReportReporter -->
<testsuite skipped="0" hostname="DESKTOP-HFA3R0K" name="com.cjc.dws.tests.RegisterTest" tests="1" failures="0" timestamp="2021-06-08T16:57:10 IST" time="0.000" errors="0">
  <testcase name="booksCheck" time="0.000" classname="com.cjc.dws.tests.RegisterTest"/>
  <system-out/>
</testsuite> <!-- com.cjc.dws.tests.RegisterTest -->
