<?xml version="1.0" encoding="UTF-8"?>
<!-- Generated by org.testng.reporters.JUnitReportReporter -->
<testsuite skipped="0" hostname="DESKTOP-HFA3R0K" name="seleniumpages.RegisterTest" tests="1" failures="0" timestamp="07 Jun 2021 03:10:37 GMT" time="1.838" errors="0">
  <testcase name="registerData1" time="1.838" classname="seleniumpages.RegisterTest"/>
</testsuite> <!-- seleniumpages.RegisterTest -->
