<?xml version="1.0" encoding="UTF-8"?>
<!-- Generated by org.testng.reporters.JUnitReportReporter -->
<testsuite skipped="0" hostname="DESKTOP-HFA3R0K" name="com.cjc.dws.tests.DWSTest" tests="1" failures="0" timestamp="2021-06-08T18:06:03 IST" time="28.486" errors="0">
  <testcase name="registration" time="28.486" classname="com.cjc.dws.tests.DWSTest"/>
  <system-out/>
</testsuite> <!-- com.cjc.dws.tests.DWSTest -->
