<?xml version="1.0" encoding="UTF-8"?>
<!-- Generated by org.testng.reporters.JUnitReportReporter -->
<testsuite skipped="0" hostname="DESKTOP-HFA3R0K" name="com.cjc.TestNGTest.TestNGTest" tests="2" failures="0" timestamp="19 Jul 2021 14:08:50 GMT" time="5.243" errors="0">
  <testcase name="m4" time="0.007" classname="com.cjc.TestNGTest.TestNGTest"/>
  <testcase name="m3" time="5.236" classname="com.cjc.TestNGTest.TestNGTest"/>
</testsuite> <!-- com.cjc.TestNGTest.TestNGTest -->
