<?xml version="1.0" encoding="UTF-8"?>
<!-- Generated by org.testng.reporters.JUnitReportReporter -->
<testsuite skipped="0" hostname="DESKTOP-HFA3R0K" name="com.cjc.listner.ListnerTest" tests="1" failures="0" timestamp="24 Jul 2021 04:33:01 GMT" time="2.293" errors="0">
  <testcase name="m3" time="2.293" classname="com.cjc.listner.ListnerTest"/>
</testsuite> <!-- com.cjc.listner.ListnerTest -->
